<start>
largefile2 first sub file line one
largefile2 first sub file line two
largefile2 first sub file line three
Term file
<start>
largefile2 second sub file line one
largefile2 second sub file line two
largefile2 second sub file line three
Term file
<start>
largefile2 third sub file line one
abu
largefile2 third sub file line two
largefile2 third sub file line three
Term file
<start>
largefile2 fourth sub file line one
largefile2 fourth sub file line two
abu
largefile2 fourth sub file line three
Term file