<start>
largefile1 first sub file line one
largefile1 first sub file line two
abu
largefile1 first sub file line three
Term file
<start>
largefile1 second sub file line one
largefile1 second sub file line two
abu
largefile1 second sub file line three
Term file
<start>
largefile1 third sub file line one
largefile1 third sub file line two
largefile1 third sub file line three
Term file
<start>
largefile1 fourth sub file line one
largefile1 fourth sub file line two
abu
largefile1 fourth sub file line three
Term file